\BOOKMARK [0][-]{chapter.1}{Introducci\363n}{}% 1
\BOOKMARK [1][-]{section.1.1}{Antecedentes}{chapter.1}% 2
\BOOKMARK [1][-]{section.1.2}{Objetivos}{chapter.1}% 3
\BOOKMARK [1][-]{section.1.3}{Plan de trabajo}{chapter.1}% 4
\BOOKMARK [0][-]{chapter.2}{Contexto de la propuesta}{}% 5
\BOOKMARK [1][-]{section.2.1}{Introducci\363n}{chapter.2}% 6
\BOOKMARK [1][-]{section.2.2}{Elementos que intervienen en un proyecto ApS}{chapter.2}% 7
\BOOKMARK [1][-]{section.2.3}{Motivaci\363n}{chapter.2}% 8
\BOOKMARK [1][-]{section.2.4}{TFG de partida}{chapter.2}% 9
\BOOKMARK [1][-]{section.2.5}{Estudio tecnol\363gico}{chapter.2}% 10
\BOOKMARK [0][-]{chapter.3}{Modelos de dominio, de datos y de relaci\363n}{}% 11
\BOOKMARK [1][-]{section.3.1}{Introducci\363n}{chapter.3}% 12
\BOOKMARK [1][-]{section.3.2}{Modelo de dominio}{chapter.3}% 13
\BOOKMARK [1][-]{section.3.3}{Modelo de datos}{chapter.3}% 14
\BOOKMARK [1][-]{section.3.4}{Modelo relacional}{chapter.3}% 15
\BOOKMARK [2][-]{subsection.3.4.1}{Separaci\363n de datos}{section.3.4}% 16
\BOOKMARK [2][-]{subsection.3.4.2}{Usuarios}{section.3.4}% 17
\BOOKMARK [2][-]{subsection.3.4.3}{Anuncios de servicio}{section.3.4}% 18
\BOOKMARK [2][-]{subsection.3.4.4}{Colaboraci\363n}{section.3.4}% 19
\BOOKMARK [2][-]{subsection.3.4.5}{Comunicaci\363n}{section.3.4}% 20
